<?xml version="1.0" encoding="UTF-8" ?>
<testsuite failures="0" time="0" errors="0" skipped="0" tests="1" name="com.ilupilu.ecm.test.PropertyUtilsTest">
  <properties>
    <property name="idea.version" value="13.1.4"/>
    <property name="java.runtime.name" value="Java(TM) SE Runtime Environment"/>
    <property name="sun.boot.library.path" value="C:\Program Files (x86)\Java\jdk1.7.0_40\jre\bin"/>
    <property name="java.vm.version" value="24.0-b56"/>
    <property name="java.vm.vendor" value="Oracle Corporation"/>
    <property name="java.vendor.url" value="http://java.oracle.com/"/>
    <property name="path.separator" value=";"/>
    <property name="guice.disable.misplaced.annotation.check" value="true"/>
    <property name="java.vm.name" value="Java HotSpot(TM) Client VM"/>
    <property name="file.encoding.pkg" value="sun.io"/>
    <property name="idea.launcher.port" value="7541"/>
    <property name="user.script" value=""/>
    <property name="user.country" value="IN"/>
    <property name="sun.java.launcher" value="SUN_STANDARD"/>
    <property name="sun.os.patch.level" value=""/>
    <property name="java.vm.specification.name" value="Java Virtual Machine Specification"/>
    <property name="user.dir" value="C:\Users\Kishore\IdeaProjects\VideoConverter"/>
    <property name="java.runtime.version" value="1.7.0_40-b43"/>
    <property name="java.awt.graphicsenv" value="sun.awt.Win32GraphicsEnvironment"/>
    <property name="java.endorsed.dirs" value="C:\Program Files (x86)\Java\jdk1.7.0_40\jre\lib\endorsed"/>
    <property name="os.arch" value="x86"/>
    <property name="java.io.tmpdir" value="C:\Users\Kishore\AppData\Local\Temp\"/>
    <property name="line.separator" value="
"/>
    <property name="java.vm.specification.vendor" value="Oracle Corporation"/>
    <property name="user.variant" value=""/>
    <property name="os.name" value="Windows 8"/>
    <property name="classworlds.conf" value="E:\apache-maven-3.2.2\bin\m2.conf"/>
    <property name="sun.jnu.encoding" value="Cp1252"/>
    <property name="java.library.path" value="C:\Program Files (x86)\Java\jdk1.7.0_40\bin;C:\WINDOWS\Sun\Java\bin;C:\WINDOWS\system32;C:\WINDOWS;E:\Oracle12c\product\12.1.0\client_1;E:\Oracle12c\product\12.1.0\client_1\bin;C:\WINDOWS\system32;C:\WINDOWS;C:\WINDOWS\System32\Wbem;C:\WINDOWS\System32\WindowsPowerShell\v1.0\;C:\Program Files (x86)\Microsoft ASP.NET\ASP.NET Web Pages\v1.0\;C:\Program Files\Microsoft SQL Server\110\Tools\Binn\;C:\Program Files (x86)\Microsoft SQL Server\110\Tools\Binn\ManagementStudio\;C:\Program Files (x86)\Microsoft SQL Server\110\Tools\Binn\;C:\Program Files (x86)\Microsoft SQL Server\110\DTS\Binn\;C:\Program Files\Microsoft SQL Server\110\DTS\Binn\;C:\Program Files (x86)\QuickTime\QTSystem\;C:\Program Files (x86)\Windows Kits\8.1\Windows Performance Toolkit\;D:\nodejs\;C:\Program Files (x86)\Microsoft SDKs\TypeScript\1.0\;C:\Program Files\Microsoft\Web Platform Installer\;C:\Program Files\Microsoft SQL Server\120\Tools\Binn\;C:\Users\Kishore\AppData\Roaming\npm;."/>
    <property name="java.specification.name" value="Java Platform API Specification"/>
    <property name="java.class.version" value="51.0"/>
    <property name="sun.management.compiler" value="HotSpot Client Compiler"/>
    <property name="os.version" value="6.2"/>
    <property name="user.home" value="C:\Users\Kishore"/>
    <property name="user.timezone" value="Asia/Calcutta"/>
    <property name="java.awt.printerjob" value="sun.awt.windows.WPrinterJob"/>
    <property name="java.specification.version" value="1.7"/>
    <property name="idea.launcher.bin.path" value="C:\Program Files (x86)\JetBrains\IntelliJ IDEA 13.1.3\bin"/>
    <property name="file.encoding" value="UTF-8"/>
    <property name="user.name" value="Kishore"/>
    <property name="java.class.path" value="E:\apache-maven-3.2.2\boot\plexus-classworlds-2.5.1.jar;C:\Program Files (x86)\JetBrains\IntelliJ IDEA 13.1.3\lib\idea_rt.jar"/>
    <property name="org.slf4j.simpleLogger.defaultLogLevel" value="info"/>
    <property name="java.vm.specification.version" value="1.7"/>
    <property name="sun.arch.data.model" value="32"/>
    <property name="java.home" value="C:\Program Files (x86)\Java\jdk1.7.0_40\jre"/>
    <property name="sun.java.command" value="com.intellij.rt.execution.application.AppMain org.codehaus.classworlds.Launcher -Didea.version=13.1.4"/>
    <property name="java.specification.vendor" value="Oracle Corporation"/>
    <property name="user.language" value="en"/>
    <property name="awt.toolkit" value="sun.awt.windows.WToolkit"/>
    <property name="java.vm.info" value="mixed mode, sharing"/>
    <property name="java.version" value="1.7.0_40"/>
    <property name="java.ext.dirs" value="C:\Program Files (x86)\Java\jdk1.7.0_40\jre\lib\ext;C:\WINDOWS\Sun\Java\lib\ext"/>
    <property name="sun.boot.class.path" value="C:\Program Files (x86)\Java\jdk1.7.0_40\jre\lib\resources.jar;C:\Program Files (x86)\Java\jdk1.7.0_40\jre\lib\rt.jar;C:\Program Files (x86)\Java\jdk1.7.0_40\jre\lib\sunrsasign.jar;C:\Program Files (x86)\Java\jdk1.7.0_40\jre\lib\jsse.jar;C:\Program Files (x86)\Java\jdk1.7.0_40\jre\lib\jce.jar;C:\Program Files (x86)\Java\jdk1.7.0_40\jre\lib\charsets.jar;C:\Program Files (x86)\Java\jdk1.7.0_40\jre\lib\jfr.jar;C:\Program Files (x86)\Java\jdk1.7.0_40\jre\classes"/>
    <property name="java.vendor" value="Oracle Corporation"/>
    <property name="maven.home" value="E:\apache-maven-3.2.2"/>
    <property name="file.separator" value="\"/>
    <property name="java.vendor.url.bug" value="http://bugreport.sun.com/bugreport/"/>
    <property name="sun.cpu.endian" value="little"/>
    <property name="sun.io.unicode.encoding" value="UnicodeLittle"/>
    <property name="sun.desktop" value="windows"/>
    <property name="sun.cpu.isalist" value="pentium_pro+mmx pentium_pro pentium+mmx pentium i486 i386 i86"/>
  </properties>
  <testcase time="0" classname="com.ilupilu.ecm.test.PropertyUtilsTest" name="getShouldReturnValue"/>
</testsuite>